# JRE version: Java(TM) SE Runtime Environment (8.0_161-b12) (build 1.8.0_161-b12)
# Java VM: Java HotSpot(TM) 64-Bit Server VM (25.161-b12 mixed mode linux-amd64 compressed oops)
Heap:
 garbage-first heap   total 262144K, used 108662K [0x00000000c0000000, 0x00000000c0100800, 0x0000000100000000)
  region size 1024K, 26 young (26624K), 8 survivors (8192K)
 Metaspace       used 122735K, capacity 133868K, committed 133924K, reserved 1165312K
  class space    used 14414K, capacity 17412K, committed 17444K, reserved 1048576K
GC Heap History (10 events):
Event: 1334.659 GC heap before
{Heap before GC invocations=59 (full 0):
 garbage-first heap   total 262144K, used 222679K [0x00000000c0000000, 0x00000000c0100800, 0x0000000100000000)
  region size 1024K, 142 young (145408K), 11 survivors (11264K)
 Metaspace       used 113952K, capacity 124180K, committed 124580K, reserved 1157120K
  class space    used 13096K, capacity 15965K, committed 16036K, reserved 1048576K
Event: 1334.690 GC heap after
Heap after GC invocations=60 (full 0):
 garbage-first heap   total 262144K, used 88600K [0x00000000c0000000, 0x00000000c0100800, 0x0000000100000000)
  region size 1024K, 10 young (10240K), 10 survivors (10240K)
 Metaspace       used 113952K, capacity 124180K, committed 124580K, reserved 1157120K
  class space    used 13096K, capacity 15965K, committed 16036K, reserved 1048576K
}
Event: 1366.052 GC heap before
{Heap before GC invocations=60 (full 0):
 garbage-first heap   total 262144K, used 223768K [0x00000000c0000000, 0x00000000c0100800, 0x0000000100000000)
  region size 1024K, 142 young (145408K), 10 survivors (10240K)
 Metaspace       used 116626K, capacity 126998K, committed 127396K, reserved 1161216K
  class space    used 13500K, capacity 16442K, committed 16548K, reserved 1048576K
Event: 1366.087 GC heap after
Heap after GC invocations=61 (full 0):
 garbage-first heap   total 262144K, used 91948K [0x00000000c0000000, 0x00000000c0100800, 0x0000000100000000)
  region size 1024K, 13 young (13312K), 13 survivors (13312K)
 Metaspace       used 116626K, capacity 126998K, committed 127396K, reserved 1161216K
  class space    used 13500K, capacity 16442K, committed 16548K, reserved 1048576K
}
Event: 1396.093 GC heap before
{Heap before GC invocations=61 (full 0):
 garbage-first heap   total 262144K, used 220972K [0x00000000c0000000, 0x00000000c0100800, 0x0000000100000000)
  region size 1024K, 139 young (142336K), 13 survivors (13312K)
 Metaspace       used 121211K, capacity 132344K, committed 132516K, reserved 1165312K
  class space    used 14212K, capacity 17287K, committed 17316K, reserved 1048576K
Event: 1396.132 GC heap after
Heap after GC invocations=62 (full 0):
 garbage-first heap   total 262144K, used 97611K [0x00000000c0000000, 0x00000000c0100800, 0x0000000100000000)
  region size 1024K, 17 young (17408K), 17 survivors (17408K)
 Metaspace       used 121211K, capacity 132344K, committed 132516K, reserved 1165312K
  class space    used 14212K, capacity 17287K, committed 17316K, reserved 1048576K
}
Event: 1468.295 GC heap before
{Heap before GC invocations=62 (full 0):
 garbage-first heap   total 262144K, used 217419K [0x00000000c0000000, 0x00000000c0100800, 0x0000000100000000)
  region size 1024K, 134 young (137216K), 17 survivors (17408K)
 Metaspace       used 121828K, capacity 133032K, committed 133156K, reserved 1165312K
  class space    used 14301K, capacity 17359K, committed 17444K, reserved 1048576K
Event: 1468.330 GC heap after
Heap after GC invocations=63 (full 0):
 garbage-first heap   total 262144K, used 93302K [0x00000000c0000000, 0x00000000c0100800, 0x0000000100000000)
  region size 1024K, 10 young (10240K), 10 survivors (10240K)
 Metaspace       used 121828K, capacity 133032K, committed 133156K, reserved 1165312K
  class space    used 14301K, capacity 17359K, committed 17444K, reserved 1048576K
}
Event: 1490.756 GC heap before
{Heap before GC invocations=63 (full 0):
 garbage-first heap   total 262144K, used 224374K [0x00000000c0000000, 0x00000000c0100800, 0x0000000100000000)
  region size 1024K, 138 young (141312K), 10 survivors (10240K)
 Metaspace       used 122420K, capacity 133454K, committed 133668K, reserved 1165312K
  class space    used 14383K, capacity 17406K, committed 17444K, reserved 1048576K
Event: 1490.799 GC heap after
Heap after GC invocations=64 (full 0):
 garbage-first heap   total 262144K, used 91254K [0x00000000c0000000, 0x00000000c0100800, 0x0000000100000000)
  region size 1024K, 8 young (8192K), 8 survivors (8192K)
 Metaspace       used 122420K, capacity 133454K, committed 133668K, reserved 1165312K
  class space    used 14383K, capacity 17406K, committed 17444K, reserved 1048576K
}

